<?xml version="1.0" encoding="UTF-8"?>
<testng-results ignored="0" total="1" passed="1" failed="0" skipped="0">
  <reporter-output>
  </reporter-output>
  <suite started-at="2023-02-24T15:58:13 IST" name="Suite" finished-at="2023-02-24T15:58:19 IST" duration-ms="6008">
    <groups>
    </groups>
    <test started-at="2023-02-24T15:58:13 IST" name="Test" finished-at="2023-02-24T15:58:19 IST" duration-ms="6008">
      <class name="testcases.Users">
        <test-method is-config="true" signature="init()[pri:0, instance:testcases.Users@4d9ac0b4]" started-at="2023-02-24T15:58:12 IST" name="init" finished-at="2023-02-24T15:58:13 IST" duration-ms="336" status="PASS">
          <reporter-output>
          </reporter-output>
        </test-method> <!-- init -->
        <test-method is-config="true" signature="setupTest()[pri:0, instance:testcases.Users@4d9ac0b4]" started-at="2023-02-24T15:58:13 IST" name="setupTest" finished-at="2023-02-24T15:58:13 IST" duration-ms="1" status="PASS">
          <reporter-output>
          </reporter-output>
        </test-method> <!-- setupTest -->
        <test-method is-config="true" signature="startTest(org.testng.ITestResult)[pri:0, instance:testcases.Users@4d9ac0b4]" started-at="2023-02-24T15:58:13 IST" name="startTest" finished-at="2023-02-24T15:58:14 IST" duration-ms="1530" status="PASS">
          <params>
            <param index="0">
              <value>
                <![CDATA[[TestResult name={null} status=CREATED method=Users.createUser()[pri:0, instance:testcases.Users@4d9ac0b4] output={null}]]]>
              </value>
            </param>
          </params>
          <reporter-output>
          </reporter-output>
        </test-method> <!-- startTest -->
        <test-method is-config="true" signature="setupRequest()[pri:0, instance:testcases.Users@4d9ac0b4]" started-at="2023-02-24T15:58:14 IST" name="setupRequest" finished-at="2023-02-24T15:58:14 IST" duration-ms="96" status="PASS">
          <reporter-output>
          </reporter-output>
        </test-method> <!-- setupRequest -->
        <test-method signature="createUser()[pri:0, instance:testcases.Users@4d9ac0b4]" started-at="2023-02-24T15:58:14 IST" name="createUser" finished-at="2023-02-24T15:58:18 IST" duration-ms="3853" status="PASS">
          <reporter-output>
          </reporter-output>
        </test-method> <!-- createUser -->
        <test-method is-config="true" signature="onFinish(org.testng.ITestResult)[pri:0, instance:testcases.Users@4d9ac0b4]" started-at="2023-02-24T15:58:18 IST" name="onFinish" finished-at="2023-02-24T15:58:19 IST" duration-ms="489" status="PASS">
          <params>
            <param index="0">
              <value>
                <![CDATA[[TestResult name=createUser status=SUCCESS method=Users.createUser()[pri:0, instance:testcases.Users@4d9ac0b4] output={null}]]]>
              </value>
            </param>
          </params>
          <reporter-output>
          </reporter-output>
        </test-method> <!-- onFinish -->
      </class> <!-- testcases.Users -->
    </test> <!-- Test -->
  </suite> <!-- Suite -->
</testng-results>
