<?xml version="1.0" encoding="UTF-8"?>
<testng-results ignored="0" total="1" passed="1" failed="0" skipped="0">
  <reporter-output>
  </reporter-output>
  <suite started-at="2023-02-24T14:48:16 IST" name="Suite" finished-at="2023-02-24T14:48:23 IST" duration-ms="6710">
    <groups>
    </groups>
    <test started-at="2023-02-24T14:48:16 IST" name="Test" finished-at="2023-02-24T14:48:23 IST" duration-ms="6710">
      <class name="testcases.Users">
        <test-method is-config="true" signature="init()[pri:0, instance:testcases.Users@10fde30a]" started-at="2023-02-24T14:48:16 IST" name="init" finished-at="2023-02-24T14:48:16 IST" duration-ms="471" status="PASS">
          <reporter-output>
          </reporter-output>
        </test-method> <!-- init -->
        <test-method is-config="true" signature="setupTest()[pri:0, instance:testcases.Users@10fde30a]" started-at="2023-02-24T14:48:16 IST" name="setupTest" finished-at="2023-02-24T14:48:16 IST" duration-ms="0" status="PASS">
          <reporter-output>
          </reporter-output>
        </test-method> <!-- setupTest -->
        <test-method is-config="true" signature="startTest(org.testng.ITestResult)[pri:0, instance:testcases.Users@10fde30a]" started-at="2023-02-24T14:48:16 IST" name="startTest" finished-at="2023-02-24T14:48:18 IST" duration-ms="1872" status="PASS">
          <params>
            <param index="0">
              <value>
                <![CDATA[[TestResult name={null} status=CREATED method=Users.createUser()[pri:0, instance:testcases.Users@10fde30a] output={null}]]]>
              </value>
            </param>
          </params>
          <reporter-output>
          </reporter-output>
        </test-method> <!-- startTest -->
        <test-method is-config="true" signature="setupRequest()[pri:0, instance:testcases.Users@10fde30a]" started-at="2023-02-24T14:48:18 IST" name="setupRequest" finished-at="2023-02-24T14:48:18 IST" duration-ms="81" status="PASS">
          <reporter-output>
          </reporter-output>
        </test-method> <!-- setupRequest -->
        <test-method signature="createUser()[pri:0, instance:testcases.Users@10fde30a]" started-at="2023-02-24T14:48:18 IST" name="createUser" finished-at="2023-02-24T14:48:22 IST" duration-ms="4225" status="PASS">
          <reporter-output>
          </reporter-output>
        </test-method> <!-- createUser -->
        <test-method is-config="true" signature="onFinish(org.testng.ITestResult)[pri:0, instance:testcases.Users@10fde30a]" started-at="2023-02-24T14:48:22 IST" name="onFinish" finished-at="2023-02-24T14:48:23 IST" duration-ms="491" status="PASS">
          <params>
            <param index="0">
              <value>
                <![CDATA[[TestResult name=createUser status=SUCCESS method=Users.createUser()[pri:0, instance:testcases.Users@10fde30a] output={null}]]]>
              </value>
            </param>
          </params>
          <reporter-output>
          </reporter-output>
        </test-method> <!-- onFinish -->
      </class> <!-- testcases.Users -->
    </test> <!-- Test -->
  </suite> <!-- Suite -->
</testng-results>
